e:\ood\codeanalyzerex\parser\x64\debug\vc140.pdb
e:\ood\codeanalyzerex\parser\x64\debug\vc140.idb
e:\ood\codeanalyzerex\parser\x64\debug\abstrsyntree.obj
e:\ood\codeanalyzerex\parser\x64\debug\filesystem.obj
e:\ood\codeanalyzerex\parser\x64\debug\grammarhelpers.obj
e:\ood\codeanalyzerex\parser\x64\debug\logger.obj
e:\ood\codeanalyzerex\parser\x64\debug\scopestack.obj
e:\ood\codeanalyzerex\parser\x64\debug\semiexp.obj
e:\ood\codeanalyzerex\parser\x64\debug\tokenizer.obj
e:\ood\codeanalyzerex\parser\x64\debug\utilities.obj
e:\ood\codeanalyzerex\parser\x64\debug\actionsandrules.obj
e:\ood\codeanalyzerex\parser\x64\debug\configureparser.obj
e:\ood\codeanalyzerex\parser\x64\debug\parser.obj
e:\ood\codeanalyzerex\x64\debug\parser.ilk
e:\ood\codeanalyzerex\x64\debug\parser.exe
e:\ood\codeanalyzerex\x64\debug\parser.pdb
e:\ood\codeanalyzerex\parser\x64\debug\parser.tlog\cl.command.1.tlog
e:\ood\codeanalyzerex\parser\x64\debug\parser.tlog\cl.read.1.tlog
e:\ood\codeanalyzerex\parser\x64\debug\parser.tlog\cl.write.1.tlog
e:\ood\codeanalyzerex\parser\x64\debug\parser.tlog\link.command.1.tlog
e:\ood\codeanalyzerex\parser\x64\debug\parser.tlog\link.read.1.tlog
e:\ood\codeanalyzerex\parser\x64\debug\parser.tlog\link.write.1.tlog
