e:\ood\codeanalyzerex\analyzer\x64\debug\vc140.pdb
e:\ood\codeanalyzerex\analyzer\x64\debug\vc140.idb
e:\ood\codeanalyzerex\analyzer\x64\debug\abstrsyntree.obj
e:\ood\codeanalyzerex\analyzer\x64\debug\filemgr.obj
e:\ood\codeanalyzerex\analyzer\x64\debug\filesystem.obj
e:\ood\codeanalyzerex\analyzer\x64\debug\grammarhelpers.obj
e:\ood\codeanalyzerex\analyzer\x64\debug\logger.obj
e:\ood\codeanalyzerex\analyzer\x64\debug\actionsandrules.obj
e:\ood\codeanalyzerex\analyzer\x64\debug\configureparser.obj
e:\ood\codeanalyzerex\analyzer\x64\debug\parser.obj
e:\ood\codeanalyzerex\analyzer\x64\debug\scopestack.obj
e:\ood\codeanalyzerex\analyzer\x64\debug\semiexp.obj
e:\ood\codeanalyzerex\analyzer\x64\debug\tokenizer.obj
e:\ood\codeanalyzerex\analyzer\x64\debug\utilities.obj
e:\ood\codeanalyzerex\analyzer\x64\debug\depanal.obj
e:\ood\codeanalyzerex\analyzer\x64\debug\dependencytable.obj
e:\ood\codeanalyzerex\analyzer\x64\debug\executive.obj
e:\ood\codeanalyzerex\analyzer\x64\debug\typetable.obj
e:\ood\codeanalyzerex\analyzer\x64\debug\xmlwrite.obj
e:\ood\codeanalyzerex\x64\debug\codeanalyzer.ilk
e:\ood\codeanalyzerex\x64\debug\codeanalyzer.exe
e:\ood\codeanalyzerex\x64\debug\codeanalyzer.pdb
e:\ood\codeanalyzerex\analyzer\x64\debug\executive.vcxprojresolveassemblyreference.cache
e:\ood\codeanalyzerex\analyzer\x64\debug\codeanalyzer.tlog\cl.command.1.tlog
e:\ood\codeanalyzerex\analyzer\x64\debug\codeanalyzer.tlog\cl.read.1.tlog
e:\ood\codeanalyzerex\analyzer\x64\debug\codeanalyzer.tlog\cl.write.1.tlog
e:\ood\codeanalyzerex\analyzer\x64\debug\codeanalyzer.tlog\link.command.1.tlog
e:\ood\codeanalyzerex\analyzer\x64\debug\codeanalyzer.tlog\link.read.1.tlog
e:\ood\codeanalyzerex\analyzer\x64\debug\codeanalyzer.tlog\link.write.1.tlog
