f:\project 4\codeanalyzerex\analyzer\x64\debug\abstrsyntree.obj
f:\project 4\codeanalyzerex\analyzer\x64\debug\actionsandrules.obj
f:\project 4\codeanalyzerex\analyzer\x64\debug\configureparser.obj
f:\project 4\codeanalyzerex\analyzer\x64\debug\depanal.obj
f:\project 4\codeanalyzerex\analyzer\x64\debug\dependencytable.obj
f:\project 4\codeanalyzerex\analyzer\x64\debug\executive.obj
f:\project 4\codeanalyzerex\analyzer\x64\debug\filemgr.obj
f:\project 4\codeanalyzerex\analyzer\x64\debug\filesystem.obj
f:\project 4\codeanalyzerex\analyzer\x64\debug\grammarhelpers.obj
f:\project 4\codeanalyzerex\analyzer\x64\debug\logger.obj
f:\project 4\codeanalyzerex\analyzer\x64\debug\parser.obj
f:\project 4\codeanalyzerex\analyzer\x64\debug\scopestack.obj
f:\project 4\codeanalyzerex\analyzer\x64\debug\semiexp.obj
f:\project 4\codeanalyzerex\analyzer\x64\debug\strongcomponents.obj
f:\project 4\codeanalyzerex\analyzer\x64\debug\tokenizer.obj
f:\project 4\codeanalyzerex\analyzer\x64\debug\typetable.obj
f:\project 4\codeanalyzerex\analyzer\x64\debug\utilities.obj
f:\project 4\codeanalyzerex\analyzer\x64\debug\xmlwrite.obj
f:\project 4\codeanalyzerex\analyzer\x64\debug\codeanalyzer.idb
f:\project 4\codeanalyzerex\analyzer\x64\debug\codeanalyzer.pdb
f:\project 4\codeanalyzerex\x64\debug\codeanalyzer.pdb
f:\project 4\codeanalyzerex\x64\debug\codeanalyzer.lib
